# JRE version: OpenJDK Runtime Environment Temurin-17.0.6+10 (17.0.6+10) (build 17.0.6+10)
# Java VM: OpenJDK 64-Bit Server VM Temurin-17.0.6+10 (17.0.6+10, mixed mode, tiered, compressed oops, compressed class ptrs, parallel gc, windows-amd64)
GC Precious Log:
 CPUs: 6 total, 6 available
 Memory: 16366M
 Large Page Support: Disabled
 NUMA Support: Disabled
 Compressed Oops: Enabled (32-bit)
 Alignments: Space 512K, Generation 512K, Heap 2M
 Heap Min Capacity: 100M
 Heap Initial Capacity: 100M
 Heap Max Capacity: 1G
 Pre-touch: Disabled
 Parallel Workers: 6
Heap:
 PSYoungGen      total 4096K, used 1136K [0x00000000eab00000, 0x00000000eb180000, 0x0000000100000000)
  eden space 2560K, 0% used [0x00000000eab00000,0x00000000eab00000,0x00000000ead80000)
  from space 1536K, 73% used [0x00000000eb000000,0x00000000eb11c010,0x00000000eb180000)
  to   space 1536K, 0% used [0x00000000eae80000,0x00000000eae80000,0x00000000eb000000)
 ParOldGen       total 130560K, used 128614K [0x00000000c0000000, 0x00000000c7f80000, 0x00000000eab00000)
  object space 130560K, 98% used [0x00000000c0000000,0x00000000c7d99ac8,0x00000000c7f80000)
 Metaspace       used 85847K, committed 86976K, reserved 1130496K
  class space    used 8254K, committed 8768K, reserved 1048576K
GC Heap History (20 events):
Event: 8077.724 GC heap after
{Heap after GC invocations=15654 (full 423):
 PSYoungGen      total 4096K, used 243K [0x00000000eab00000, 0x00000000eb100000, 0x0000000100000000)
  eden space 3584K, 0% used [0x00000000eab00000,0x00000000eab00000,0x00000000eae80000)
  from space 512K, 47% used [0x00000000eb000000,0x00000000eb03cfa0,0x00000000eb080000)
  to   space 512K, 0% used [0x00000000eb080000,0x00000000eb080000,0x00000000eb100000)
 ParOldGen       total 130560K, used 121266K [0x00000000c0000000, 0x00000000c7f80000, 0x00000000eab00000)
  object space 130560K, 92% used [0x00000000c0000000,0x00000000c766c8e8,0x00000000c7f80000)
 Metaspace       used 85847K, committed 86976K, reserved 1130496K
  class space    used 8254K, committed 8768K, reserved 1048576K
}
Event: 8077.734 GC heap before
{Heap before GC invocations=15655 (full 423):
 PSYoungGen      total 4096K, used 2798K [0x00000000eab00000, 0x00000000eb100000, 0x0000000100000000)
  eden space 3584K, 71% used [0x00000000eab00000,0x00000000ead7e8c8,0x00000000eae80000)
  from space 512K, 47% used [0x00000000eb000000,0x00000000eb03cfa0,0x00000000eb080000)
  to   space 512K, 0% used [0x00000000eb080000,0x00000000eb080000,0x00000000eb100000)
 ParOldGen       total 130560K, used 121266K [0x00000000c0000000, 0x00000000c7f80000, 0x00000000eab00000)
  object space 130560K, 92% used [0x00000000c0000000,0x00000000c766c8e8,0x00000000c7f80000)
 Metaspace       used 85847K, committed 86976K, reserved 1130496K
  class space    used 8254K, committed 8768K, reserved 1048576K
}
Event: 8077.735 GC heap after
{Heap after GC invocations=15655 (full 423):
 PSYoungGen      total 4096K, used 239K [0x00000000eab00000, 0x00000000eb100000, 0x0000000100000000)
  eden space 3584K, 0% used [0x00000000eab00000,0x00000000eab00000,0x00000000eae80000)
  from space 512K, 46% used [0x00000000eb080000,0x00000000eb0bbfc8,0x00000000eb100000)
  to   space 512K, 0% used [0x00000000eb000000,0x00000000eb000000,0x00000000eb080000)
 ParOldGen       total 130560K, used 121282K [0x00000000c0000000, 0x00000000c7f80000, 0x00000000eab00000)
  object space 130560K, 92% used [0x00000000c0000000,0x00000000c76708e8,0x00000000c7f80000)
 Metaspace       used 85847K, committed 86976K, reserved 1130496K
  class space    used 8254K, committed 8768K, reserved 1048576K
}
Event: 8079.595 GC heap before
{Heap before GC invocations=15656 (full 423):
 PSYoungGen      total 4096K, used 3823K [0x00000000eab00000, 0x00000000eb100000, 0x0000000100000000)
  eden space 3584K, 100% used [0x00000000eab00000,0x00000000eae80000,0x00000000eae80000)
  from space 512K, 46% used [0x00000000eb080000,0x00000000eb0bbfc8,0x00000000eb100000)
  to   space 512K, 0% used [0x00000000eb000000,0x00000000eb000000,0x00000000eb080000)
 ParOldGen       total 130560K, used 121282K [0x00000000c0000000, 0x00000000c7f80000, 0x00000000eab00000)
  object space 130560K, 92% used [0x00000000c0000000,0x00000000c76708e8,0x00000000c7f80000)
 Metaspace       used 85847K, committed 86976K, reserved 1130496K
  class space    used 8254K, committed 8768K, reserved 1048576K
}
Event: 8079.598 GC heap after
{Heap after GC invocations=15656 (full 423):
 PSYoungGen      total 4096K, used 501K [0x00000000eab00000, 0x00000000eb100000, 0x0000000100000000)
  eden space 3584K, 0% used [0x00000000eab00000,0x00000000eab00000,0x00000000eae80000)
  from space 512K, 98% used [0x00000000eb000000,0x00000000eb07d780,0x00000000eb080000)
  to   space 512K, 0% used [0x00000000eb080000,0x00000000eb080000,0x00000000eb100000)
 ParOldGen       total 130560K, used 121314K [0x00000000c0000000, 0x00000000c7f80000, 0x00000000eab00000)
  object space 130560K, 92% used [0x00000000c0000000,0x00000000c76788e8,0x00000000c7f80000)
 Metaspace       used 85847K, committed 86976K, reserved 1130496K
  class space    used 8254K, committed 8768K, reserved 1048576K
}
Event: 8079.662 GC heap before
{Heap before GC invocations=15657 (full 423):
 PSYoungGen      total 4096K, used 4085K [0x00000000eab00000, 0x00000000eb100000, 0x0000000100000000)
  eden space 3584K, 100% used [0x00000000eab00000,0x00000000eae80000,0x00000000eae80000)
  from space 512K, 98% used [0x00000000eb000000,0x00000000eb07d780,0x00000000eb080000)
  to   space 512K, 0% used [0x00000000eb080000,0x00000000eb080000,0x00000000eb100000)
 ParOldGen       total 130560K, used 121314K [0x00000000c0000000, 0x00000000c7f80000, 0x00000000eab00000)
  object space 130560K, 92% used [0x00000000c0000000,0x00000000c76788e8,0x00000000c7f80000)
 Metaspace       used 85847K, committed 86976K, reserved 1130496K
  class space    used 8254K, committed 8768K, reserved 1048576K
}
Event: 8079.667 GC heap after
{Heap after GC invocations=15657 (full 423):
 PSYoungGen      total 4096K, used 512K [0x00000000eab00000, 0x00000000eb180000, 0x0000000100000000)
  eden space 3584K, 0% used [0x00000000eab00000,0x00000000eab00000,0x00000000eae80000)
  from space 512K, 100% used [0x00000000eb080000,0x00000000eb100000,0x00000000eb100000)
  to   space 1536K, 0% used [0x00000000eae80000,0x00000000eae80000,0x00000000eb000000)
 ParOldGen       total 130560K, used 121934K [0x00000000c0000000, 0x00000000c7f80000, 0x00000000eab00000)
  object space 130560K, 93% used [0x00000000c0000000,0x00000000c7713ac8,0x00000000c7f80000)
 Metaspace       used 85847K, committed 86976K, reserved 1130496K
  class space    used 8254K, committed 8768K, reserved 1048576K
}
Event: 8079.750 GC heap before
{Heap before GC invocations=15658 (full 423):
 PSYoungGen      total 4096K, used 4095K [0x00000000eab00000, 0x00000000eb180000, 0x0000000100000000)
  eden space 3584K, 99% used [0x00000000eab00000,0x00000000eae7ffd8,0x00000000eae80000)
  from space 512K, 100% used [0x00000000eb080000,0x00000000eb100000,0x00000000eb100000)
  to   space 1536K, 0% used [0x00000000eae80000,0x00000000eae80000,0x00000000eb000000)
 ParOldGen       total 130560K, used 121934K [0x00000000c0000000, 0x00000000c7f80000, 0x00000000eab00000)
  object space 130560K, 93% used [0x00000000c0000000,0x00000000c7713ac8,0x00000000c7f80000)
 Metaspace       used 85847K, committed 86976K, reserved 1130496K
  class space    used 8254K, committed 8768K, reserved 1048576K
}
Event: 8079.754 GC heap after
{Heap after GC invocations=15658 (full 423):
 PSYoungGen      total 5120K, used 1136K [0x00000000eab00000, 0x00000000eb180000, 0x0000000100000000)
  eden space 3584K, 0% used [0x00000000eab00000,0x00000000eab00000,0x00000000eae80000)
  from space 1536K, 73% used [0x00000000eae80000,0x00000000eaf9c010,0x00000000eb000000)
  to   space 1536K, 0% used [0x00000000eb000000,0x00000000eb000000,0x00000000eb180000)
 ParOldGen       total 130560K, used 122451K [0x00000000c0000000, 0x00000000c7f80000, 0x00000000eab00000)
  object space 130560K, 93% used [0x00000000c0000000,0x00000000c7794f58,0x00000000c7f80000)
 Metaspace       used 85847K, committed 86976K, reserved 1130496K
  class space    used 8254K, committed 8768K, reserved 1048576K
}
Event: 8079.772 GC heap before
{Heap before GC invocations=15659 (full 423):
 PSYoungGen      total 5120K, used 4720K [0x00000000eab00000, 0x00000000eb180000, 0x0000000100000000)
  eden space 3584K, 100% used [0x00000000eab00000,0x00000000eae80000,0x00000000eae80000)
  from space 1536K, 73% used [0x00000000eae80000,0x00000000eaf9c010,0x00000000eb000000)
  to   space 1536K, 0% used [0x00000000eb000000,0x00000000eb000000,0x00000000eb180000)
 ParOldGen       total 130560K, used 122451K [0x00000000c0000000, 0x00000000c7f80000, 0x00000000eab00000)
  object space 130560K, 93% used [0x00000000c0000000,0x00000000c7794f58,0x00000000c7f80000)
 Metaspace       used 85847K, committed 86976K, reserved 1130496K
  class space    used 8254K, committed 8768K, reserved 1048576K
}
Event: 8079.774 GC heap after
{Heap after GC invocations=15659 (full 423):
 PSYoungGen      total 4608K, used 880K [0x00000000eab00000, 0x00000000eb100000, 0x0000000100000000)
  eden space 3584K, 0% used [0x00000000eab00000,0x00000000eab00000,0x00000000eae80000)
  from space 1024K, 85% used [0x00000000eb000000,0x00000000eb0dc010,0x00000000eb100000)
  to   space 1024K, 0% used [0x00000000eaf00000,0x00000000eaf00000,0x00000000eb000000)
 ParOldGen       total 130560K, used 123567K [0x00000000c0000000, 0x00000000c7f80000, 0x00000000eab00000)
  object space 130560K, 94% used [0x00000000c0000000,0x00000000c78abe58,0x00000000c7f80000)
 Metaspace       used 85847K, committed 86976K, reserved 1130496K
  class space    used 8254K, committed 8768K, reserved 1048576K
}
Event: 8079.793 GC heap before
{Heap before GC invocations=15660 (full 423):
 PSYoungGen      total 4608K, used 4464K [0x00000000eab00000, 0x00000000eb100000, 0x0000000100000000)
  eden space 3584K, 100% used [0x00000000eab00000,0x00000000eae80000,0x00000000eae80000)
  from space 1024K, 85% used [0x00000000eb000000,0x00000000eb0dc010,0x00000000eb100000)
  to   space 1024K, 0% used [0x00000000eaf00000,0x00000000eaf00000,0x00000000eb000000)
 ParOldGen       total 130560K, used 123567K [0x00000000c0000000, 0x00000000c7f80000, 0x00000000eab00000)
  object space 130560K, 94% used [0x00000000c0000000,0x00000000c78abe58,0x00000000c7f80000)
 Metaspace       used 85847K, committed 86976K, reserved 1130496K
  class space    used 8254K, committed 8768K, reserved 1048576K
}
Event: 8079.796 GC heap after
{Heap after GC invocations=15660 (full 423):
 PSYoungGen      total 4608K, used 672K [0x00000000eab00000, 0x00000000eb080000, 0x0000000100000000)
  eden space 3584K, 0% used [0x00000000eab00000,0x00000000eab00000,0x00000000eae80000)
  from space 1024K, 65% used [0x00000000eaf00000,0x00000000eafa8000,0x00000000eb000000)
  to   space 512K, 0% used [0x00000000eb000000,0x00000000eb000000,0x00000000eb080000)
 ParOldGen       total 130560K, used 124340K [0x00000000c0000000, 0x00000000c7f80000, 0x00000000eab00000)
  object space 130560K, 95% used [0x00000000c0000000,0x00000000c796d2f8,0x00000000c7f80000)
 Metaspace       used 85847K, committed 86976K, reserved 1130496K
  class space    used 8254K, committed 8768K, reserved 1048576K
}
Event: 8079.859 GC heap before
{Heap before GC invocations=15661 (full 423):
 PSYoungGen      total 4608K, used 4255K [0x00000000eab00000, 0x00000000eb080000, 0x0000000100000000)
  eden space 3584K, 99% used [0x00000000eab00000,0x00000000eae7ff70,0x00000000eae80000)
  from space 1024K, 65% used [0x00000000eaf00000,0x00000000eafa8000,0x00000000eb000000)
  to   space 512K, 0% used [0x00000000eb000000,0x00000000eb000000,0x00000000eb080000)
 ParOldGen       total 130560K, used 124340K [0x00000000c0000000, 0x00000000c7f80000, 0x00000000eab00000)
  object space 130560K, 95% used [0x00000000c0000000,0x00000000c796d2f8,0x00000000c7f80000)
 Metaspace       used 85847K, committed 86976K, reserved 1130496K
  class space    used 8254K, committed 8768K, reserved 1048576K
}
Event: 8079.863 GC heap after
{Heap after GC invocations=15661 (full 423):
 PSYoungGen      total 2560K, used 481K [0x00000000eab00000, 0x00000000eb480000, 0x0000000100000000)
  eden space 2048K, 0% used [0x00000000eab00000,0x00000000eab00000,0x00000000ead00000)
  from space 512K, 94% used [0x00000000eb000000,0x00000000eb0785d8,0x00000000eb080000)
  to   space 3072K, 0% used [0x00000000ead00000,0x00000000ead00000,0x00000000eb000000)
 ParOldGen       total 130560K, used 126144K [0x00000000c0000000, 0x00000000c7f80000, 0x00000000eab00000)
  object space 130560K, 96% used [0x00000000c0000000,0x00000000c7b30070,0x00000000c7f80000)
 Metaspace       used 85847K, committed 86976K, reserved 1130496K
  class space    used 8254K, committed 8768K, reserved 1048576K
}
Event: 8079.874 GC heap before
{Heap before GC invocations=15662 (full 423):
 PSYoungGen      total 2560K, used 2529K [0x00000000eab00000, 0x00000000eb480000, 0x0000000100000000)
  eden space 2048K, 99% used [0x00000000eab00000,0x00000000eacfff90,0x00000000ead00000)
  from space 512K, 94% used [0x00000000eb000000,0x00000000eb0785d8,0x00000000eb080000)
  to   space 3072K, 0% used [0x00000000ead00000,0x00000000ead00000,0x00000000eb000000)
 ParOldGen       total 130560K, used 126144K [0x00000000c0000000, 0x00000000c7f80000, 0x00000000eab00000)
  object space 130560K, 96% used [0x00000000c0000000,0x00000000c7b30070,0x00000000c7f80000)
 Metaspace       used 85847K, committed 86976K, reserved 1130496K
  class space    used 8254K, committed 8768K, reserved 1048576K
}
Event: 8079.879 GC heap after
{Heap after GC invocations=15662 (full 423):
 PSYoungGen      total 5120K, used 2016K [0x00000000eab00000, 0x00000000eb280000, 0x0000000100000000)
  eden space 2048K, 0% used [0x00000000eab00000,0x00000000eab00000,0x00000000ead00000)
  from space 3072K, 65% used [0x00000000ead00000,0x00000000eaef8000,0x00000000eb000000)
  to   space 2560K, 0% used [0x00000000eb000000,0x00000000eb000000,0x00000000eb280000)
 ParOldGen       total 130560K, used 126654K [0x00000000c0000000, 0x00000000c7f80000, 0x00000000eab00000)
  object space 130560K, 97% used [0x00000000c0000000,0x00000000c7bafac8,0x00000000c7f80000)
 Metaspace       used 85847K, committed 86976K, reserved 1130496K
  class space    used 8254K, committed 8768K, reserved 1048576K
}
Event: 8079.886 GC heap before
{Heap before GC invocations=15663 (full 423):
 PSYoungGen      total 5120K, used 4064K [0x00000000eab00000, 0x00000000eb280000, 0x0000000100000000)
  eden space 2048K, 100% used [0x00000000eab00000,0x00000000ead00000,0x00000000ead00000)
  from space 3072K, 65% used [0x00000000ead00000,0x00000000eaef8000,0x00000000eb000000)
  to   space 2560K, 0% used [0x00000000eb000000,0x00000000eb000000,0x00000000eb280000)
 ParOldGen       total 130560K, used 126654K [0x00000000c0000000, 0x00000000c7f80000, 0x00000000eab00000)
  object space 130560K, 97% used [0x00000000c0000000,0x00000000c7bafac8,0x00000000c7f80000)
 Metaspace       used 85847K, committed 86976K, reserved 1130496K
  class space    used 8254K, committed 8768K, reserved 1048576K
}
Event: 8079.892 GC heap after
{Heap after GC invocations=15663 (full 423):
 PSYoungGen      total 4096K, used 1136K [0x00000000eab00000, 0x00000000eb180000, 0x0000000100000000)
  eden space 2560K, 0% used [0x00000000eab00000,0x00000000eab00000,0x00000000ead80000)
  from space 1536K, 73% used [0x00000000eb000000,0x00000000eb11c010,0x00000000eb180000)
  to   space 1536K, 0% used [0x00000000eae80000,0x00000000eae80000,0x00000000eb000000)
 ParOldGen       total 130560K, used 128614K [0x00000000c0000000, 0x00000000c7f80000, 0x00000000eab00000)
  object space 130560K, 98% used [0x00000000c0000000,0x00000000c7d99ac8,0x00000000c7f80000)
 Metaspace       used 85847K, committed 86976K, reserved 1130496K
  class space    used 8254K, committed 8768K, reserved 1048576K
}
Event: 8079.892 GC heap before
{Heap before GC invocations=15664 (full 424):
 PSYoungGen      total 4096K, used 1136K [0x00000000eab00000, 0x00000000eb180000, 0x0000000100000000)
  eden space 2560K, 0% used [0x00000000eab00000,0x00000000eab00000,0x00000000ead80000)
  from space 1536K, 73% used [0x00000000eb000000,0x00000000eb11c010,0x00000000eb180000)
  to   space 1536K, 0% used [0x00000000eae80000,0x00000000eae80000,0x00000000eb000000)
 ParOldGen       total 130560K, used 128614K [0x00000000c0000000, 0x00000000c7f80000, 0x00000000eab00000)
  object space 130560K, 98% used [0x00000000c0000000,0x00000000c7d99ac8,0x00000000c7f80000)
 Metaspace       used 85847K, committed 86976K, reserved 1130496K
  class space    used 8254K, committed 8768K, reserved 1048576K
}

